# JRE version: Java(TM) SE Runtime Environment (21.0.1+12) (build 21.0.1+12-LTS-29)
# Java VM: Java HotSpot(TM) 64-Bit Server VM (21.0.1+12-LTS-29, mixed mode, sharing, tiered, compressed oops, compressed class ptrs, g1 gc, windows-amd64)
GC Precious Log:
 CardTable entry size: 512
 Card Set container configuration: InlinePtr #cards 5 size 8 Array Of Cards #cards 12 size 40 Howl #buckets 4 coarsen threshold 1843 Howl Bitmap #cards 512 size 80 coarsen threshold 460 Card regions per heap region 1 cards per card region 2048
 CPUs: 8 total, 8 available
 Memory: 7934M
 Large Page Support: Disabled
 NUMA Support: Disabled
 Compressed Oops: Enabled (32-bit)
 Heap Region Size: 1M
 Heap Min Capacity: 8M
 Heap Initial Capacity: 124M
 Heap Max Capacity: 1984M
 Pre-touch: Disabled
 Parallel Workers: 8
 Concurrent Workers: 2
 Concurrent Refinement Workers: 8
 Periodic GC: Disabled
Heap:
 garbage-first heap   total 118784K, used 96256K [0x0000000084000000, 0x0000000100000000)
  region size 1024K, 54 young (55296K), 6 survivors (6144K)
 Metaspace       used 30311K, committed 30784K, reserved 1114112K
  class space    used 3374K, committed 3584K, reserved 1048576K
GC Heap History (16 events):
Event: 1.386 GC heap before
{Heap before GC invocations=0 (full 0):
 garbage-first heap   total 126976K, used 23552K [0x0000000084000000, 0x0000000100000000)
  region size 1024K, 23 young (23552K), 0 survivors (0K)
 Metaspace       used 5592K, committed 5760K, reserved 1114112K
  class space    used 649K, committed 768K, reserved 1048576K
}
Event: 1.401 GC heap after
{Heap after GC invocations=1 (full 0):
 garbage-first heap   total 126976K, used 3715K [0x0000000084000000, 0x0000000100000000)
  region size 1024K, 3 young (3072K), 3 survivors (3072K)
 Metaspace       used 5592K, committed 5760K, reserved 1114112K
  class space    used 649K, committed 768K, reserved 1048576K
}
Event: 3.111 GC heap before
{Heap before GC invocations=1 (full 0):
 garbage-first heap   total 126976K, used 34435K [0x0000000084000000, 0x0000000100000000)
  region size 1024K, 33 young (33792K), 3 survivors (3072K)
 Metaspace       used 9445K, committed 9664K, reserved 1114112K
  class space    used 1112K, committed 1216K, reserved 1048576K
}
Event: 3.122 GC heap after
{Heap after GC invocations=2 (full 0):
 garbage-first heap   total 126976K, used 5471K [0x0000000084000000, 0x0000000100000000)
  region size 1024K, 2 young (2048K), 2 survivors (2048K)
 Metaspace       used 9445K, committed 9664K, reserved 1114112K
  class space    used 1112K, committed 1216K, reserved 1048576K
}
Event: 7.510 GC heap before
{Heap before GC invocations=2 (full 0):
 garbage-first heap   total 126976K, used 79199K [0x0000000084000000, 0x0000000100000000)
  region size 1024K, 74 young (75776K), 2 survivors (2048K)
 Metaspace       used 15889K, committed 16192K, reserved 1114112K
  class space    used 1852K, committed 1984K, reserved 1048576K
}
Event: 7.542 GC heap after
{Heap after GC invocations=3 (full 0):
 garbage-first heap   total 126976K, used 13369K [0x0000000084000000, 0x0000000100000000)
  region size 1024K, 10 young (10240K), 10 survivors (10240K)
 Metaspace       used 15889K, committed 16192K, reserved 1114112K
  class space    used 1852K, committed 1984K, reserved 1048576K
}
Event: 10.642 GC heap before
{Heap before GC invocations=3 (full 0):
 garbage-first heap   total 126976K, used 111673K [0x0000000084000000, 0x0000000100000000)
  region size 1024K, 74 young (75776K), 10 survivors (10240K)
 Metaspace       used 17820K, committed 18176K, reserved 1114112K
  class space    used 2007K, committed 2176K, reserved 1048576K
}
Event: 10.668 GC heap after
{Heap after GC invocations=4 (full 0):
 garbage-first heap   total 126976K, used 16384K [0x0000000084000000, 0x0000000100000000)
  region size 1024K, 4 young (4096K), 4 survivors (4096K)
 Metaspace       used 17820K, committed 18176K, reserved 1114112K
  class space    used 2007K, committed 2176K, reserved 1048576K
}
Event: 12.473 GC heap before
{Heap before GC invocations=4 (full 0):
 garbage-first heap   total 126976K, used 46080K [0x0000000084000000, 0x0000000100000000)
  region size 1024K, 28 young (28672K), 4 survivors (4096K)
 Metaspace       used 21245K, committed 21504K, reserved 1114112K
  class space    used 2461K, committed 2560K, reserved 1048576K
}
Event: 12.491 GC heap after
{Heap after GC invocations=5 (full 0):
 garbage-first heap   total 126976K, used 26624K [0x0000000084000000, 0x0000000100000000)
  region size 1024K, 8 young (8192K), 8 survivors (8192K)
 Metaspace       used 21245K, committed 21504K, reserved 1114112K
  class space    used 2461K, committed 2560K, reserved 1048576K
}
Event: 15.752 GC heap before
{Heap before GC invocations=6 (full 0):
 garbage-first heap   total 92160K, used 92160K [0x0000000084000000, 0x0000000100000000)
  region size 1024K, 71 young (72704K), 8 survivors (8192K)
 Metaspace       used 26951K, committed 27264K, reserved 1114112K
  class space    used 3042K, committed 3200K, reserved 1048576K
}
Event: 15.813 GC heap after
{Heap after GC invocations=7 (full 0):
 garbage-first heap   total 118784K, used 42496K [0x0000000084000000, 0x0000000100000000)
  region size 1024K, 10 young (10240K), 10 survivors (10240K)
 Metaspace       used 26951K, committed 27264K, reserved 1114112K
  class space    used 3042K, committed 3200K, reserved 1048576K
}
Event: 18.011 GC heap before
{Heap before GC invocations=7 (full 0):
 garbage-first heap   total 118784K, used 91648K [0x0000000084000000, 0x0000000100000000)
  region size 1024K, 59 young (60416K), 10 survivors (10240K)
 Metaspace       used 29270K, committed 29632K, reserved 1114112K
  class space    used 3276K, committed 3456K, reserved 1048576K
}
Event: 18.045 GC heap after
{Heap after GC invocations=8 (full 0):
 garbage-first heap   total 118784K, used 46080K [0x0000000084000000, 0x0000000100000000)
  region size 1024K, 4 young (4096K), 4 survivors (4096K)
 Metaspace       used 29270K, committed 29632K, reserved 1114112K
  class space    used 3276K, committed 3456K, reserved 1048576K
}
Event: 19.007 GC heap before
{Heap before GC invocations=8 (full 0):
 garbage-first heap   total 118784K, used 95232K [0x0000000084000000, 0x0000000100000000)
  region size 1024K, 52 young (53248K), 4 survivors (4096K)
 Metaspace       used 30114K, committed 30592K, reserved 1114112K
  class space    used 3369K, committed 3584K, reserved 1048576K
}
Event: 19.027 GC heap after
{Heap after GC invocations=9 (full 0):
 garbage-first heap   total 118784K, used 48128K [0x0000000084000000, 0x0000000100000000)
  region size 1024K, 6 young (6144K), 6 survivors (6144K)
 Metaspace       used 30114K, committed 30592K, reserved 1114112K
  class space    used 3369K, committed 3584K, reserved 1048576K
}

