# JRE version: Java(TM) SE Runtime Environment (17.0.9+11) (build 17.0.9+11-LTS-201)
# Java VM: Java HotSpot(TM) 64-Bit Server VM (17.0.9+11-LTS-201, mixed mode, emulated-client, sharing, tiered, compressed oops, compressed class ptrs, g1 gc, windows-amd64)
GC Precious Log:
 CPUs: 8 total, 8 available
 Memory: 7934M
 Large Page Support: Disabled
 NUMA Support: Disabled
 Compressed Oops: Enabled (32-bit)
 Heap Region Size: 1M
 Heap Min Capacity: 8M
 Heap Initial Capacity: 124M
 Heap Max Capacity: 1984M
 Pre-touch: Disabled
 Parallel Workers: 8
 Concurrent Workers: 2
 Concurrent Refinement Workers: 8
 Periodic GC: Disabled
Heap:
 garbage-first heap   total 73728K, used 46791K [0x0000000084000000, 0x0000000100000000)
  region size 1024K, 25 young (25600K), 3 survivors (3072K)
 Metaspace       used 46514K, committed 46976K, reserved 1114112K
  class space    used 6636K, committed 6848K, reserved 1048576K
GC Heap History (18 events):
Event: 1.480 GC heap before
{Heap before GC invocations=0 (full 0):
 garbage-first heap   total 126976K, used 24576K [0x0000000084000000, 0x0000000100000000)
  region size 1024K, 23 young (23552K), 0 survivors (0K)
 Metaspace       used 6710K, committed 6912K, reserved 1114112K
  class space    used 859K, committed 960K, reserved 1048576K
}
Event: 1.494 GC heap after
{Heap after GC invocations=1 (full 0):
 garbage-first heap   total 126976K, used 10048K [0x0000000084000000, 0x0000000100000000)
  region size 1024K, 3 young (3072K), 3 survivors (3072K)
 Metaspace       used 6710K, committed 6912K, reserved 1114112K
  class space    used 859K, committed 960K, reserved 1048576K
}
Event: 2.728 GC heap before
{Heap before GC invocations=1 (full 0):
 garbage-first heap   total 126976K, used 31552K [0x0000000084000000, 0x0000000100000000)
  region size 1024K, 25 young (25600K), 3 survivors (3072K)
 Metaspace       used 11802K, committed 12096K, reserved 1114112K
  class space    used 1670K, committed 1792K, reserved 1048576K
}
Event: 2.736 GC heap after
{Heap after GC invocations=2 (full 0):
 garbage-first heap   total 126976K, used 11877K [0x0000000084000000, 0x0000000100000000)
  region size 1024K, 2 young (2048K), 2 survivors (2048K)
 Metaspace       used 11802K, committed 12096K, reserved 1114112K
  class space    used 1670K, committed 1792K, reserved 1048576K
}
Event: 3.745 GC heap before
{Heap before GC invocations=2 (full 0):
 garbage-first heap   total 126976K, used 60005K [0x0000000084000000, 0x0000000100000000)
  region size 1024K, 49 young (50176K), 2 survivors (2048K)
 Metaspace       used 20278K, committed 20608K, reserved 1114112K
  class space    used 2816K, committed 2944K, reserved 1048576K
}
Event: 3.753 GC heap after
{Heap after GC invocations=3 (full 0):
 garbage-first heap   total 126976K, used 15565K [0x0000000084000000, 0x0000000100000000)
  region size 1024K, 6 young (6144K), 6 survivors (6144K)
 Metaspace       used 20278K, committed 20608K, reserved 1114112K
  class space    used 2816K, committed 2944K, reserved 1048576K
}
Event: 3.861 GC heap before
{Heap before GC invocations=3 (full 0):
 garbage-first heap   total 126976K, used 20685K [0x0000000084000000, 0x0000000100000000)
  region size 1024K, 12 young (12288K), 6 survivors (6144K)
 Metaspace       used 21221K, committed 21504K, reserved 1114112K
  class space    used 2961K, committed 3072K, reserved 1048576K
}
Event: 3.868 GC heap after
{Heap after GC invocations=4 (full 0):
 garbage-first heap   total 126976K, used 16487K [0x0000000084000000, 0x0000000100000000)
  region size 1024K, 5 young (5120K), 5 survivors (5120K)
 Metaspace       used 21221K, committed 21504K, reserved 1114112K
  class space    used 2961K, committed 3072K, reserved 1048576K
}
Event: 4.798 GC heap before
{Heap before GC invocations=5 (full 0):
 garbage-first heap   total 61440K, used 46183K [0x0000000084000000, 0x0000000100000000)
  region size 1024K, 35 young (35840K), 5 survivors (5120K)
 Metaspace       used 24626K, committed 24960K, reserved 1114112K
  class space    used 3471K, committed 3648K, reserved 1048576K
}
Event: 4.810 GC heap after
{Heap after GC invocations=6 (full 0):
 garbage-first heap   total 61440K, used 18693K [0x0000000084000000, 0x0000000100000000)
  region size 1024K, 4 young (4096K), 4 survivors (4096K)
 Metaspace       used 24626K, committed 24960K, reserved 1114112K
  class space    used 3471K, committed 3648K, reserved 1048576K
}
Event: 5.701 GC heap before
{Heap before GC invocations=6 (full 0):
 garbage-first heap   total 61440K, used 42245K [0x0000000084000000, 0x0000000100000000)
  region size 1024K, 27 young (27648K), 4 survivors (4096K)
 Metaspace       used 27969K, committed 28352K, reserved 1114112K
  class space    used 3993K, committed 4160K, reserved 1048576K
}
Event: 5.721 GC heap after
{Heap after GC invocations=7 (full 0):
 garbage-first heap   total 61440K, used 20826K [0x0000000084000000, 0x0000000100000000)
  region size 1024K, 3 young (3072K), 3 survivors (3072K)
 Metaspace       used 27969K, committed 28352K, reserved 1114112K
  class space    used 3993K, committed 4160K, reserved 1048576K
}
Event: 6.575 GC heap before
{Heap before GC invocations=7 (full 0):
 garbage-first heap   total 61440K, used 43354K [0x0000000084000000, 0x0000000100000000)
  region size 1024K, 25 young (25600K), 3 survivors (3072K)
 Metaspace       used 31450K, committed 31872K, reserved 1114112K
  class space    used 4477K, committed 4672K, reserved 1048576K
}
Event: 6.595 GC heap after
{Heap after GC invocations=8 (full 0):
 garbage-first heap   total 61440K, used 23107K [0x0000000084000000, 0x0000000100000000)
  region size 1024K, 3 young (3072K), 3 survivors (3072K)
 Metaspace       used 31450K, committed 31872K, reserved 1114112K
  class space    used 4477K, committed 4672K, reserved 1048576K
}
Event: 7.284 GC heap before
{Heap before GC invocations=8 (full 0):
 garbage-first heap   total 61440K, used 39491K [0x0000000084000000, 0x0000000100000000)
  region size 1024K, 20 young (20480K), 3 survivors (3072K)
 Metaspace       used 35669K, committed 36096K, reserved 1114112K
  class space    used 5083K, committed 5312K, reserved 1048576K
}
Event: 7.295 GC heap after
{Heap after GC invocations=9 (full 0):
 garbage-first heap   total 73728K, used 23582K [0x0000000084000000, 0x0000000100000000)
  region size 1024K, 1 young (1024K), 1 survivors (1024K)
 Metaspace       used 35669K, committed 36096K, reserved 1114112K
  class space    used 5083K, committed 5312K, reserved 1048576K
}
Event: 8.875 GC heap before
{Heap before GC invocations=10 (full 0):
 garbage-first heap   total 73728K, used 54302K [0x0000000084000000, 0x0000000100000000)
  region size 1024K, 31 young (31744K), 1 survivors (1024K)
 Metaspace       used 43304K, committed 43840K, reserved 1114112K
  class space    used 6199K, committed 6464K, reserved 1048576K
}
Event: 8.888 GC heap after
{Heap after GC invocations=11 (full 0):
 garbage-first heap   total 73728K, used 25287K [0x0000000084000000, 0x0000000100000000)
  region size 1024K, 3 young (3072K), 3 survivors (3072K)
 Metaspace       used 43304K, committed 43840K, reserved 1114112K
  class space    used 6199K, committed 6464K, reserved 1048576K
}

